<?xml version="1.0" encoding="UTF-8"?>
<beans xmlns="http://www.springframework.org/schema/beans"
	xmlns:xsi="http://www.w3.org/2001/XMLSchema-instance"
	xmlns:context="http://www.springframework.org/schema/context"
	xmlns:tx="http://www.springframework.org/schema/tx"
	xsi:schemaLocation="http://www.springframework.org/schema/beans http://www.springframework.org/schema/beans/spring-beans.xsd
		http://www.springframework.org/schema/tx http://www.springframework.org/schema/tx/spring-tx-3.0.xsd
		http://www.springframework.org/schema/context http://www.springframework.org/schema/context/spring-context-3.0.xsd">

	<bean class="jp.xet.uncommons.mirage.FieldPropertyExtractorInitializer"/>
	
	<context:annotation-config />
	<context:property-placeholder location="classpath:/jdbc.properties"/>

	<tx:annotation-driven transaction-manager="transactionManager" />

	<bean id="dataSource" class="org.springframework.jdbc.datasource.TransactionAwareDataSourceProxy">
		<constructor-arg>
			<bean id="dbcpDataSource" class="org.springframework.jdbc.datasource.DriverManagerDataSource">
				<property name="driverClassName" value="${jdbc.driver}"/>
				<property name="url" value="${jdbc.url}"/>
				<property name="username" value="${jdbc.user}"/>
				<property name="password" value="${jdbc.password}"/>
			</bean>
		</constructor-arg>
	</bean>

	<bean id="transactionManager" class="org.springframework.jdbc.datasource.DataSourceTransactionManager">
		<property name="dataSource" ref="dataSource"/>
	</bean>

	<!-- <bean id="connectionProvider" class="jp.sf.amateras.mirage.integration.spring.SpringConnectionProvider"> -->
	<bean id="connectionProvider" class="jp.xet.uncommons.mirage.spring.MySpringConnectionProvider">
		<property name="transactionManager" ref="transactionManager" />
	</bean>

	<bean id="dialect" class="jp.sf.amateras.mirage.dialect.MySQLDialect"/>

	<bean id="sqlManager" class="jp.sf.amateras.mirage.SqlManagerImpl">
		<property name="connectionProvider" ref="connectionProvider" />
		<property name="dialect" ref="dialect" />
		<property name="nameConverter" ref="nameConverter"/>
	</bean>

	<!-- <bean id="nameConverter" class="jp.sf.amateras.mirage.naming.DefaultNameConverter"/> -->
	<bean id="nameConverter" class="jp.sf.amateras.mirage.naming.RailsLikeNameConverter"/>
	
	<context:component-scan base-package="jp.xet.uncommons.mirage.spring"/>

</beans>
